<?xml version="1.0" encoding="UTF-8"?>
<!-- Generated by org.testng.reporters.JUnitXMLReporter -->
<testsuite ignored="0" hostname="DESKTOP-Q9GNPC2" failures="1" tests="1" name="Value Calculation Test cases" time="8.129" errors="0" timestamp="2021-05-07T18:28:14 IST">
  <testcase classname="com.value.calculation.testcases.LoginPageTest" name="valueCaliculation" time="0.938">
    <failure type="java.lang.AssertionError" message="expected [true] but found [false]">
      <![CDATA[java.lang.AssertionError: expected [true] but found [false]
at com.value.calculation.testcases.LoginPageTest.valueCaliculation(LoginPageTest.java:38)
at java.base/java.util.ArrayList.forEach(ArrayList.java:1511)
... Removed 31 stack frames]]>
    </failure>
  </testcase> <!-- valueCaliculation -->
</testsuite> <!-- Value Calculation Test cases -->
